<?xml version="1.0" encoding="UTF-8"?>
<!-- Generated by org.testng.reporters.JUnitReportReporter -->
<testsuite skipped="0" hostname="MSTSYS0098" name="com.mst.smokesuite.automationtraining.executionpage.TestExecution" tests="1" failures="0" timestamp="04 Jan 2019 10:31:38 GMT" time="78.904" errors="0">
  <testcase name="form101Submission" time="78.904" classname="com.mst.smokesuite.automationtraining.executionpage.TestExecution"/>
</testsuite> <!-- com.mst.smokesuite.automationtraining.executionpage.TestExecution -->
