<?xml version="1.0" encoding="UTF-8"?>
<!-- Generated by org.testng.reporters.JUnitReportReporter -->
<testsuite skipped="0" hostname="MSTSYS0098" name="com.mst.smokesuite.automationtraining.executionpage.Linkexecution" tests="1" failures="0" timestamp="04 Jan 2019 14:18:28 GMT" time="27.214" errors="0">
  <testcase name="formlinkvalidation" time="27.214" classname="com.mst.smokesuite.automationtraining.executionpage.Linkexecution"/>
</testsuite> <!-- com.mst.smokesuite.automationtraining.executionpage.Linkexecution -->
