<?xml version="1.0" encoding="UTF-8"?>
<!-- Generated by org.testng.reporters.JUnitReportReporter -->
<testsuite skipped="0" hostname="MSTSYS0098" name="test.Tester" tests="1" failures="0" timestamp="04 Jan 2019 11:28:19 GMT" time="0.056" errors="0">
  <testcase name="mains" time="0.056" classname="test.Tester"/>
</testsuite> <!-- test.Tester -->
