<?xml version="1.0" encoding="UTF-8"?>
<!-- Generated by org.testng.reporters.JUnitReportReporter -->
<testsuite skipped="0" hostname="MSTSYS0098" name="com.mst.smokesuite.automationtraining.executionpage.TestExecutionValidation" tests="1" failures="0" timestamp="07 Jan 2019 05:26:42 GMT" time="31.210" errors="0">
  <testcase name="formerrorvalidation" time="31.210" classname="com.mst.smokesuite.automationtraining.executionpage.TestExecutionValidation"/>
</testsuite> <!-- com.mst.smokesuite.automationtraining.executionpage.TestExecutionValidation -->
